2025-08-15 22:50:16,318 INFO Fibonacci de 3
2025-08-15 22:50:16,319 INFO El resultado: {'F_1': 1, 'F_2': 1, 'F_3': 2}
2025-08-15 22:58:18,807 INFO Fibonacci de 10
2025-08-15 22:58:18,811 INFO El resultado: {'F_1': 1, 'F_2': 1, 'F_3': 2, 'F_4': 3, 'F_5': 5, 'F_6': 8, 'F_7': 13, 'F_8': 21, 'F_9': 34, 'F_10': 55}
2025-08-15 22:59:09,378 INFO Fibonacci de -2
2025-08-15 22:59:09,379 INFO Error en la entrada, menor a 0
2025-08-15 22:59:53,419 INFO Solicitud de 3 listas de largo aleatorio. Con numeros entre 1 y 5
2025-08-15 22:59:53,420 INFO El resultado: {'ARR-1': [2, 1, 5, 1], 'ARR-2': [2, 2, 3], 'ARR-3': [2, 4, 4, 4, 4, 1, 1]}
2025-08-17 00:01:37,470 INFO Solicitud de 7 listas de largo aleatorio. Con numeros entre -1 y 10
2025-08-17 00:01:37,471 INFO El resultado: {'ARR-1': [2, 6, 9, 3, 8, 3], 'ARR-2': [3, -1, -1, 10, 8], 'ARR-3': [8, 5, -1, 9, -1], 'ARR-4': [9, 3, 7, 0, 2], 'ARR-5': [4, 3, 8, 10, 10, 2, 10], 'ARR-6': [10, 9, 2, 10, 0, 3, 7], 'ARR-7': [0, 7, 8]}
2025-08-17 00:34:14,985 INFO Solicitud de 7 listas de largo aleatorio. Con numeros entre -10 y 10
2025-08-17 00:34:14,986 INFO El resultado: {'ARR-1': [-3, -3, 7, -7, 6, -4], 'ARR-2': [-2, -6, -10], 'ARR-3': [3, -9, -5, -7, 5, 6, 6], 'ARR-4': [3, 2, 9, -2, -8], 'ARR-5': [-2, -6, -1, 7, 3], 'ARR-6': [3, 3, 3, -3], 'ARR-7': [-10, 2, -9, 3, 2]}
2025-08-17 00:34:26,859 INFO Solicitud de 5 listas de largo aleatorio. Con numeros entre -1 y 5
2025-08-17 00:34:26,860 INFO El resultado: {'ARR-1': [5, 5, 0, 2, 0, 3], 'ARR-2': [0, 3, 1, 0], 'ARR-3': [-1, 2, 3, 5, 5, 5], 'ARR-4': [1, 4, 4, 1], 'ARR-5': [2, 5, 0]}
2025-08-17 00:34:41,129 INFO Fibonacci de 5
2025-08-17 00:34:41,129 INFO El resultado: {'F_1': 1, 'F_2': 1, 'F_3': 2, 'F_4': 3, 'F_5': 5}
2025-08-17 00:34:52,145 INFO Fibonacci de -1
2025-08-17 00:34:52,145 INFO Error en la entrada, menor a 0
2025-08-17 00:35:02,691 INFO Fibonacci de 0
2025-08-17 00:35:02,693 INFO El resultado: {'F_0': 0}
